c:\users\murad\source\repos\virtualmemorymanagercpp\virtualmemorymanagercpp\debug\vc142.pdb
c:\users\murad\source\repos\virtualmemorymanagercpp\virtualmemorymanagercpp\debug\vc142.idb
c:\users\murad\source\repos\virtualmemorymanagercpp\virtualmemorymanagercpp\debug\project3.obj
c:\users\murad\source\repos\virtualmemorymanagercpp\virtualmemorymanagercpp\debug\mainmemory.obj
c:\users\murad\source\repos\virtualmemorymanagercpp\virtualmemorymanagercpp\debug\function.obj
c:\laman\virtualmemorymanagercppv2\virtualmemorymanagercpp\debug\vc142.pdb
c:\laman\virtualmemorymanagercppv2\virtualmemorymanagercpp\debug\vc142.idb
c:\laman\virtualmemorymanagercppv2\virtualmemorymanagercpp\debug\function.obj
c:\laman\virtualmemorymanagercppv2\virtualmemorymanagercpp\debug\project3.obj
c:\laman\virtualmemorymanagercppv2\virtualmemorymanagercpp\debug\mainmemory.obj
c:\users\murad\source\repos\virtualmemorymanagercpp\debug\virtualmemorymanagercpp.exe
c:\users\murad\source\repos\virtualmemorymanagercpp\virtualmemorymanagercpp\debug\virtualmemorymanagercpp.ilk
c:\users\murad\source\repos\virtualmemorymanagercpp\debug\virtualmemorymanagercpp.pdb
c:\laman\virtualmemorymanagercppv2\debug\virtualmemorymanagercpp.pdb
c:\laman\virtualmemorymanagercppv2\virtualmemorymanagercpp\debug\virtualm.ff8e68a8.tlog\cl.command.1.tlog
c:\laman\virtualmemorymanagercppv2\virtualmemorymanagercpp\debug\virtualm.ff8e68a8.tlog\cl.read.1.tlog
c:\laman\virtualmemorymanagercppv2\virtualmemorymanagercpp\debug\virtualm.ff8e68a8.tlog\cl.write.1.tlog
c:\laman\virtualmemorymanagercppv2\virtualmemorymanagercpp\debug\virtualm.ff8e68a8.tlog\link.22156-cvtres.read.1.tlog
c:\laman\virtualmemorymanagercppv2\virtualmemorymanagercpp\debug\virtualm.ff8e68a8.tlog\link.22156-cvtres.write.1.tlog
c:\laman\virtualmemorymanagercppv2\virtualmemorymanagercpp\debug\virtualm.ff8e68a8.tlog\link.22156-rc.read.1.tlog
c:\laman\virtualmemorymanagercppv2\virtualmemorymanagercpp\debug\virtualm.ff8e68a8.tlog\link.22156-rc.write.1.tlog
c:\laman\virtualmemorymanagercppv2\virtualmemorymanagercpp\debug\virtualm.ff8e68a8.tlog\link.22156.read.1.tlog
c:\laman\virtualmemorymanagercppv2\virtualmemorymanagercpp\debug\virtualm.ff8e68a8.tlog\link.22156.write.1.tlog
c:\laman\virtualmemorymanagercppv2\virtualmemorymanagercpp\debug\virtualm.ff8e68a8.tlog\link.command.1.tlog
c:\laman\virtualmemorymanagercppv2\virtualmemorymanagercpp\debug\virtualm.ff8e68a8.tlog\link.read.1.tlog
c:\laman\virtualmemorymanagercppv2\virtualmemorymanagercpp\debug\virtualm.ff8e68a8.tlog\link.write.1.tlog
